<?xml version="1.0" encoding="utf-8"?><testsuites name="pytest tests"><testsuite name="pytest" errors="0" failures="0" skipped="0" tests="16" time="15.171" timestamp="2026-04-28T04:32:01.027252+00:00" hostname="agent-env-cecf3fd2-15f3-413a-9cfd-37090be97bee"><testcase classname="backend.tests.backend_test" name="test_root" time="0.196" /><testcase classname="backend.tests.backend_test" name="test_register_new_user" time="0.326" /><testcase classname="backend.tests.backend_test" name="test_me_endpoint" time="0.043" /><testcase classname="backend.tests.backend_test" name="test_register_duplicate" time="0.165" /><testcase classname="backend.tests.backend_test" name="test_login_existing_tester" time="0.383" /><testcase classname="backend.tests.backend_test" name="test_login_invalid" time="0.380" /><testcase classname="backend.tests.backend_test" name="test_me_unauthenticated" time="0.107" /><testcase classname="backend.tests.backend_test" name="test_upload_non_csv" time="0.488" /><testcase classname="backend.tests.backend_test" name="test_upload_unauth" time="0.107" /><testcase classname="backend.tests.backend_test" name="test_list_files" time="0.291" /><testcase classname="backend.tests.backend_test" name="test_analyze_high_severity" time="12.121" /><testcase classname="backend.tests.backend_test" name="test_get_analysis" time="0.056" /><testcase classname="backend.tests.backend_test" name="test_list_analyses" time="0.046" /><testcase classname="backend.tests.backend_test" name="test_report_plain_text" time="0.056" /><testcase classname="backend.tests.backend_test" name="test_analyze_bad_column" time="0.275" /><testcase classname="backend.tests.backend_test" name="test_logout" time="0.051" /></testsuite></testsuites>